# JRE version: OpenJDK Runtime Environment (16.0.1+9) (build 16.0.1+9-24)
# Java VM: OpenJDK 64-Bit Server VM (16.0.1+9-24, mixed mode, tiered, compressed oops, compressed class ptrs, g1 gc, windows-amd64)
GC Precious Log:
 CPUs: 8 total, 8 available
 Memory: 16106M
 Large Page Support: Disabled
 NUMA Support: Disabled
 Compressed Oops: Enabled (Zero based)
 Heap Region Size: 2M
 Heap Min Capacity: 8M
 Heap Initial Capacity: 252M
 Heap Max Capacity: 4028M
 Pre-touch: Disabled
 Parallel Workers: 8
 Concurrent Workers: 2
 Concurrent Refinement Workers: 8
 Periodic GC: Disabled
Heap:
 garbage-first heap   total 61440K, used 25155K [0x0000000704400000, 0x0000000800000000)
  region size 2048K, 7 young (14336K), 2 survivors (4096K)
 Metaspace       used 42554K, committed 42944K, reserved 1089536K
  class space    used 4788K, committed 4992K, reserved 1048576K
GC Heap History (20 events):
Event: 0.605 GC heap before
{Heap before GC invocations=0 (full 0):
 garbage-first heap   total 258048K, used 20480K [0x0000000704400000, 0x0000000800000000)
  region size 2048K, 11 young (22528K), 0 survivors (0K)
 Metaspace       used 12107K, committed 12288K, reserved 1064960K
  class space    used 1050K, committed 1152K, reserved 1048576K
}
Event: 0.608 GC heap after
{Heap after GC invocations=1 (full 0):
 garbage-first heap   total 258048K, used 6881K [0x0000000704400000, 0x0000000800000000)
  region size 2048K, 2 young (4096K), 2 survivors (4096K)
 Metaspace       used 12107K, committed 12288K, reserved 1064960K
  class space    used 1050K, committed 1152K, reserved 1048576K
}
Event: 0.851 GC heap before
{Heap before GC invocations=1 (full 0):
 garbage-first heap   total 258048K, used 31457K [0x0000000704400000, 0x0000000800000000)
  region size 2048K, 14 young (28672K), 2 survivors (4096K)
 Metaspace       used 16221K, committed 16384K, reserved 1064960K
  class space    used 1540K, committed 1600K, reserved 1048576K
}
Event: 0.854 GC heap after
{Heap after GC invocations=2 (full 0):
 garbage-first heap   total 258048K, used 8575K [0x0000000704400000, 0x0000000800000000)
  region size 2048K, 1 young (2048K), 1 survivors (2048K)
 Metaspace       used 16221K, committed 16384K, reserved 1064960K
  class space    used 1540K, committed 1600K, reserved 1048576K
}
Event: 1.167 GC heap before
{Heap before GC invocations=2 (full 0):
 garbage-first heap   total 258048K, used 51583K [0x0000000704400000, 0x0000000800000000)
  region size 2048K, 23 young (47104K), 1 survivors (2048K)
 Metaspace       used 21040K, committed 21248K, reserved 1073152K
  class space    used 2142K, committed 2240K, reserved 1048576K
}
Event: 1.169 GC heap after
{Heap after GC invocations=3 (full 0):
 garbage-first heap   total 258048K, used 9541K [0x0000000704400000, 0x0000000800000000)
  region size 2048K, 1 young (2048K), 1 survivors (2048K)
 Metaspace       used 21040K, committed 21248K, reserved 1073152K
  class space    used 2142K, committed 2240K, reserved 1048576K
}
Event: 1.299 GC heap before
{Heap before GC invocations=4 (full 0):
 garbage-first heap   total 40960K, used 40261K [0x0000000704400000, 0x0000000800000000)
  region size 2048K, 16 young (32768K), 1 survivors (2048K)
 Metaspace       used 23847K, committed 24128K, reserved 1073152K
  class space    used 2493K, committed 2624K, reserved 1048576K
}
Event: 1.301 GC heap after
{Heap after GC invocations=5 (full 0):
 garbage-first heap   total 45056K, used 10014K [0x0000000704400000, 0x0000000800000000)
  region size 2048K, 2 young (4096K), 2 survivors (4096K)
 Metaspace       used 23847K, committed 24128K, reserved 1073152K
  class space    used 2493K, committed 2624K, reserved 1048576K
}
Event: 1.371 GC heap before
{Heap before GC invocations=5 (full 0):
 garbage-first heap   total 45056K, used 26398K [0x0000000704400000, 0x0000000800000000)
  region size 2048K, 10 young (20480K), 2 survivors (4096K)
 Metaspace       used 25393K, committed 25664K, reserved 1073152K
  class space    used 2696K, committed 2816K, reserved 1048576K
}
Event: 1.374 GC heap after
{Heap after GC invocations=6 (full 0):
 garbage-first heap   total 45056K, used 10276K [0x0000000704400000, 0x0000000800000000)
  region size 2048K, 1 young (2048K), 1 survivors (2048K)
 Metaspace       used 25393K, committed 25664K, reserved 1073152K
  class space    used 2696K, committed 2816K, reserved 1048576K
}
Event: 1.596 GC heap before
{Heap before GC invocations=6 (full 0):
 garbage-first heap   total 45056K, used 28708K [0x0000000704400000, 0x0000000800000000)
  region size 2048K, 10 young (20480K), 1 survivors (2048K)
 Metaspace       used 26679K, committed 26880K, reserved 1073152K
  class space    used 2853K, committed 2944K, reserved 1048576K
}
Event: 1.599 GC heap after
{Heap after GC invocations=7 (full 0):
 garbage-first heap   total 45056K, used 11298K [0x0000000704400000, 0x0000000800000000)
  region size 2048K, 2 young (4096K), 2 survivors (4096K)
 Metaspace       used 26679K, committed 26880K, reserved 1073152K
  class space    used 2853K, committed 2944K, reserved 1048576K
}
Event: 1.799 GC heap before
{Heap before GC invocations=7 (full 0):
 garbage-first heap   total 45056K, used 27682K [0x0000000704400000, 0x0000000800000000)
  region size 2048K, 10 young (20480K), 2 survivors (4096K)
 Metaspace       used 27830K, committed 28096K, reserved 1081344K
  class space    used 2975K, committed 3072K, reserved 1048576K
}
Event: 1.802 GC heap after
{Heap after GC invocations=8 (full 0):
 garbage-first heap   total 151552K, used 11305K [0x0000000704400000, 0x0000000800000000)
  region size 2048K, 1 young (2048K), 1 survivors (2048K)
 Metaspace       used 27830K, committed 28096K, reserved 1081344K
  class space    used 2975K, committed 3072K, reserved 1048576K
}
Event: 2.761 GC heap before
{Heap before GC invocations=8 (full 0):
 garbage-first heap   total 151552K, used 89129K [0x0000000704400000, 0x0000000800000000)
  region size 2048K, 40 young (81920K), 1 survivors (2048K)
 Metaspace       used 35349K, committed 35648K, reserved 1081344K
  class space    used 3886K, committed 4032K, reserved 1048576K
}
Event: 2.765 GC heap after
{Heap after GC invocations=9 (full 0):
 garbage-first heap   total 151552K, used 14703K [0x0000000704400000, 0x0000000800000000)
  region size 2048K, 3 young (6144K), 3 survivors (6144K)
 Metaspace       used 35349K, committed 35648K, reserved 1081344K
  class space    used 3886K, committed 4032K, reserved 1048576K
}
Event: 3.098 GC heap before
{Heap before GC invocations=10 (full 0):
 garbage-first heap   total 61440K, used 45423K [0x0000000704400000, 0x0000000800000000)
  region size 2048K, 18 young (36864K), 3 survivors (6144K)
 Metaspace       used 38079K, committed 38464K, reserved 1089536K
  class space    used 4239K, committed 4416K, reserved 1048576K
}
Event: 3.102 GC heap after
{Heap after GC invocations=11 (full 0):
 garbage-first heap   total 61440K, used 16195K [0x0000000704400000, 0x0000000800000000)
  region size 2048K, 1 young (2048K), 1 survivors (2048K)
 Metaspace       used 38079K, committed 38464K, reserved 1089536K
  class space    used 4239K, committed 4416K, reserved 1048576K
}
Event: 11.273 GC heap before
{Heap before GC invocations=11 (full 0):
 garbage-first heap   total 61440K, used 46915K [0x0000000704400000, 0x0000000800000000)
  region size 2048K, 16 young (32768K), 1 survivors (2048K)
 Metaspace       used 41491K, committed 41856K, reserved 1089536K
  class space    used 4675K, committed 4864K, reserved 1048576K
}
Event: 11.277 GC heap after
{Heap after GC invocations=12 (full 0):
 garbage-first heap   total 61440K, used 16963K [0x0000000704400000, 0x0000000800000000)
  region size 2048K, 2 young (4096K), 2 survivors (4096K)
 Metaspace       used 41491K, committed 41856K, reserved 1089536K
  class space    used 4675K, committed 4864K, reserved 1048576K
}

